0 info it worked if it ends with ok
1 verbose cli [ 'C:\\Program Files\\nodejs\\\\node.exe',
1 verbose cli   'C:\\Program Files\\nodejs\\node_modules\\npm\\bin\\npm-cli.js',
1 verbose cli   'install',
1 verbose cli   'hiredis',
1 verbose cli   '--save' ]
2 info using npm@1.3.21
3 info using node@v0.10.24
4 verbose node symlink C:\Program Files\nodejs\\node.exe
5 verbose readDependencies using package.json deps
6 verbose cache add [ 'hiredis', null ]
7 verbose cache add name=undefined spec="hiredis" args=["hiredis",null]
8 verbose parsed url { protocol: null,
8 verbose parsed url   slashes: null,
8 verbose parsed url   auth: null,
8 verbose parsed url   host: null,
8 verbose parsed url   port: null,
8 verbose parsed url   hostname: null,
8 verbose parsed url   hash: null,
8 verbose parsed url   search: null,
8 verbose parsed url   query: null,
8 verbose parsed url   pathname: 'hiredis',
8 verbose parsed url   path: 'hiredis',
8 verbose parsed url   href: 'hiredis' }
9 silly lockFile 66e3de35-hiredis hiredis
10 verbose lock hiredis C:\Users\chylvina\AppData\Roaming\npm-cache\66e3de35-hiredis.lock
11 silly lockFile 66e3de35-hiredis hiredis
12 silly lockFile 66e3de35-hiredis hiredis
13 verbose addNamed [ 'hiredis', '' ]
14 verbose addNamed [ null, '*' ]
15 silly lockFile dc014615-hiredis hiredis@
16 verbose lock hiredis@ C:\Users\chylvina\AppData\Roaming\npm-cache\dc014615-hiredis.lock
17 silly addNameRange { name: 'hiredis', range: '*', hasData: false }
18 verbose url raw hiredis
19 verbose url resolving [ 'https://registry.npmjs.org/', './hiredis' ]
20 verbose url resolved https://registry.npmjs.org/hiredis
21 info trying registry request attempt 1 at 23:14:36
22 verbose etag "4USACJSR367HLVMKJUEA3TR2T"
23 http GET https://registry.npmjs.org/hiredis
24 http 304 https://registry.npmjs.org/hiredis
25 silly registry.get cb [ 304,
25 silly registry.get   { server: 'CouchDB/1.5.0 (Erlang OTP/R15B03)',
25 silly registry.get     etag: '"4USACJSR367HLVMKJUEA3TR2T"',
25 silly registry.get     date: 'Fri, 20 Dec 2013 15:14:35 GMT',
25 silly registry.get     'content-length': '0' } ]
26 verbose etag hiredis from cache
27 silly addNameRange number 2 { name: 'hiredis', range: '*', hasData: true }
28 silly addNameRange versions [ 'hiredis',
28 silly addNameRange   [ '0.1.0',
28 silly addNameRange     '0.1.1',
28 silly addNameRange     '0.1.2',
28 silly addNameRange     '0.1.3',
28 silly addNameRange     '0.1.4',
28 silly addNameRange     '0.1.5',
28 silly addNameRange     '0.1.6',
28 silly addNameRange     '0.1.8',
28 silly addNameRange     '0.1.9',
28 silly addNameRange     '0.1.10',
28 silly addNameRange     '0.1.12',
28 silly addNameRange     '0.1.13',
28 silly addNameRange     '0.1.14',
28 silly addNameRange     '0.1.15',
28 silly addNameRange     '0.1.16' ] ]
29 verbose addNamed [ 'hiredis', '0.1.16' ]
30 verbose addNamed [ '0.1.16', '0.1.16' ]
31 silly lockFile beed5615-hiredis-0-1-16 hiredis@0.1.16
32 verbose lock hiredis@0.1.16 C:\Users\chylvina\AppData\Roaming\npm-cache\beed5615-hiredis-0-1-16.lock
33 silly lockFile beed5615-hiredis-0-1-16 hiredis@0.1.16
34 silly lockFile beed5615-hiredis-0-1-16 hiredis@0.1.16
35 silly lockFile dc014615-hiredis hiredis@
36 silly lockFile dc014615-hiredis hiredis@
37 silly resolved [ { name: 'hiredis',
37 silly resolved     description: 'Wrapper for reply processing code in hiredis',
37 silly resolved     version: '0.1.16',
37 silly resolved     homepage: 'http://github.com/pietern/hiredis-node',
37 silly resolved     author: { name: 'Pieter Noordhuis', email: 'pcnoordhuis@gmail.com' },
37 silly resolved     main: 'hiredis',
37 silly resolved     scripts: { test: 'node test/reader.js', install: 'node-gyp rebuild' },
37 silly resolved     dependencies: { bindings: '*' },
37 silly resolved     engines: { node: '>= 0.6.0' },
37 silly resolved     repository: { type: 'git', url: 'git@github.com:pietern/hiredis-node.git' },
37 silly resolved     bugs: { url: 'https://github.com/pietern/hiredis-node/issues' },
37 silly resolved     licenses: [ [Object] ],
37 silly resolved     gypfile: true,
37 silly resolved     readme: '[![Build Status](https://travis-ci.org/pietern/hiredis-node.png?branch=master)](https://travis-ci.org/pietern/hiredis-node)\n\n# hiredis-node\n\nNode extension that wraps [hiredis][hiredis].\nBecause Node is already good at doing I/O, hiredis-node only provides\nbindings to the protocol parser.\nThe hiredis protocol parser is faster than JavaScript protocol parsers,\nbut the speedup only becomes noticable for large replies.\nIf you use Redis for simple SET/GET operations, there won\'t be a big\nbenefit to using hiredis.\nIf you use Redis for big SUNION/SINTER/LRANGE/ZRANGE operations, the\nbenefit to using hiredis-node can be significant.\n\n[hiredis]: http://github.com/redis/hiredis\n\n## Install\n\nInstall with [NPM][npm]:\n\n```\nnpm install hiredis\n```\n\n[npm]: https://npmjs.org/\n\n## Usage\n\nhiredis-node works out of the box with Matt Ranney\'s [node_redis][node_redis].\nThe latter has an optional dependency on hiredis-node, so maybe you\'re\nalready using it without knowing.\n\nAlternatively, you can use it directly:\n\n```javascript\nvar hiredis = require("hiredis"),\n    reader = new hiredis.Reader();\n\n// Data comes in\nreader.feed("$5\\r\\nhello\\r\\n");\n\n// Reply comes out\nreader.get() // => "hello"\n```\n\nInstead of returning strings for bulk payloads, it can also return\nbuffers:\n\n```javascript\nvar hiredis = require("hiredis"),\n    reader = new hiredis.Reader({ return_buffers: true });\n\n// Data comes in\nreader.feed("$5\\r\\nhello\\r\\n");\n\n// Reply comes out\nreader.get() // => <Buffer 68 65 6c 6c 6f>\n```\n\n[node_redis]: http://github.com/mranney/node_redis\n\n## Windows\n\nDmitry Gorbunov (@fuwaneko) made a [fork of hiredis-node][windows_fork] with Windows support.\n\n[windows_fork]: https://github.com/fuwaneko/hiredis-node\n\n## License\n\nThis code is released under the BSD license, after the license of hiredis.\n',
37 silly resolved     readmeFilename: 'README.md',
37 silly resolved     _id: 'hiredis@0.1.16',
37 silly resolved     _from: 'hiredis@' } ]
38 info install hiredis@0.1.16 into D:\workspace\GitHub\forum\engine
39 info installOne hiredis@0.1.16
40 info D:\workspace\GitHub\forum\engine\node_modules\hiredis unbuild
41 verbose tar unpack C:\Users\chylvina\AppData\Roaming\npm-cache\hiredis\0.1.16\package.tgz
42 silly lockFile c8479e33-orum-engine-node-modules-hiredis tar://D:\workspace\GitHub\forum\engine\node_modules\hiredis
43 verbose lock tar://D:\workspace\GitHub\forum\engine\node_modules\hiredis C:\Users\chylvina\AppData\Roaming\npm-cache\c8479e33-orum-engine-node-modules-hiredis.lock
44 silly lockFile a72c93a5-cache-hiredis-0-1-16-package-tgz tar://C:\Users\chylvina\AppData\Roaming\npm-cache\hiredis\0.1.16\package.tgz
45 verbose lock tar://C:\Users\chylvina\AppData\Roaming\npm-cache\hiredis\0.1.16\package.tgz C:\Users\chylvina\AppData\Roaming\npm-cache\a72c93a5-cache-hiredis-0-1-16-package-tgz.lock
46 silly gunzTarPerm modes [ '755', '644' ]
47 silly gunzTarPerm extractEntry package.json
48 silly gunzTarPerm modified mode [ 'package.json', 438, 420 ]
49 silly gunzTarPerm extractEntry README.md
50 silly gunzTarPerm modified mode [ 'README.md', 438, 420 ]
51 silly gunzTarPerm extractEntry bench.js
52 silly gunzTarPerm modified mode [ 'bench.js', 438, 420 ]
53 silly gunzTarPerm extractEntry hiredis.js
54 silly gunzTarPerm modified mode [ 'hiredis.js', 438, 420 ]
55 silly gunzTarPerm extractEntry binding.gyp
56 silly gunzTarPerm modified mode [ 'binding.gyp', 438, 420 ]
57 silly gunzTarPerm extractEntry COPYING
58 silly gunzTarPerm modified mode [ 'COPYING', 438, 420 ]
59 silly gunzTarPerm extractEntry deps/hiredis/README.md
60 silly gunzTarPerm modified mode [ 'deps/hiredis/README.md', 438, 420 ]
61 silly gunzTarPerm extractEntry deps/hiredis/example.c
62 silly gunzTarPerm modified mode [ 'deps/hiredis/example.c', 438, 420 ]
63 silly gunzTarPerm extractEntry deps/hiredis/async.h
64 silly gunzTarPerm modified mode [ 'deps/hiredis/async.h', 438, 420 ]
65 silly gunzTarPerm extractEntry deps/hiredis/CHANGELOG.md
66 silly gunzTarPerm modified mode [ 'deps/hiredis/CHANGELOG.md', 438, 420 ]
67 silly gunzTarPerm extractEntry deps/hiredis/COPYING
68 silly gunzTarPerm modified mode [ 'deps/hiredis/COPYING', 438, 420 ]
69 silly gunzTarPerm extractEntry deps/hiredis/dict.c
70 silly gunzTarPerm modified mode [ 'deps/hiredis/dict.c', 438, 420 ]
71 silly gunzTarPerm extractEntry deps/hiredis/dict.h
72 silly gunzTarPerm modified mode [ 'deps/hiredis/dict.h', 438, 420 ]
73 silly gunzTarPerm extractEntry deps/hiredis/example-ae.c
74 silly gunzTarPerm modified mode [ 'deps/hiredis/example-ae.c', 438, 420 ]
75 silly gunzTarPerm extractEntry deps/hiredis/example-libev.c
76 silly gunzTarPerm modified mode [ 'deps/hiredis/example-libev.c', 438, 420 ]
77 silly gunzTarPerm extractEntry deps/hiredis/example-libevent.c
78 silly gunzTarPerm modified mode [ 'deps/hiredis/example-libevent.c', 438, 420 ]
79 silly gunzTarPerm extractEntry deps/hiredis/async.c
80 silly gunzTarPerm modified mode [ 'deps/hiredis/async.c', 438, 420 ]
81 silly gunzTarPerm extractEntry deps/hiredis/fmacros.h
82 silly gunzTarPerm modified mode [ 'deps/hiredis/fmacros.h', 438, 420 ]
83 silly gunzTarPerm extractEntry deps/hiredis/hiredis.c
84 silly gunzTarPerm modified mode [ 'deps/hiredis/hiredis.c', 438, 420 ]
85 silly gunzTarPerm extractEntry deps/hiredis/hiredis.h
86 silly gunzTarPerm modified mode [ 'deps/hiredis/hiredis.h', 438, 420 ]
87 silly gunzTarPerm extractEntry deps/hiredis/Makefile
88 silly gunzTarPerm modified mode [ 'deps/hiredis/Makefile', 438, 420 ]
89 silly gunzTarPerm extractEntry deps/hiredis/net.c
90 silly gunzTarPerm modified mode [ 'deps/hiredis/net.c', 438, 420 ]
91 silly gunzTarPerm extractEntry deps/hiredis/net.h
92 silly gunzTarPerm modified mode [ 'deps/hiredis/net.h', 438, 420 ]
93 silly gunzTarPerm extractEntry deps/hiredis/adapters/ae.h
94 silly gunzTarPerm modified mode [ 'deps/hiredis/adapters/ae.h', 438, 420 ]
95 silly gunzTarPerm extractEntry deps/hiredis/adapters/libev.h
96 silly gunzTarPerm modified mode [ 'deps/hiredis/adapters/libev.h', 438, 420 ]
97 silly gunzTarPerm extractEntry deps/hiredis/adapters/libevent.h
98 silly gunzTarPerm modified mode [ 'deps/hiredis/adapters/libevent.h', 438, 420 ]
99 silly gunzTarPerm extractEntry deps/hiredis/sds.c
100 silly gunzTarPerm modified mode [ 'deps/hiredis/sds.c', 438, 420 ]
101 silly gunzTarPerm extractEntry deps/hiredis/sds.h
102 silly gunzTarPerm modified mode [ 'deps/hiredis/sds.h', 438, 420 ]
103 silly gunzTarPerm extractEntry deps/hiredis/test.c
104 silly gunzTarPerm modified mode [ 'deps/hiredis/test.c', 438, 420 ]
105 silly gunzTarPerm extractEntry deps/hiredis.gyp
106 silly gunzTarPerm modified mode [ 'deps/hiredis.gyp', 438, 420 ]
107 silly gunzTarPerm extractEntry src/hiredis.cc
108 silly gunzTarPerm modified mode [ 'src/hiredis.cc', 438, 420 ]
109 silly gunzTarPerm extractEntry src/reader.cc
110 silly gunzTarPerm modified mode [ 'src/reader.cc', 438, 420 ]
111 silly gunzTarPerm extractEntry src/reader.h
112 silly gunzTarPerm modified mode [ 'src/reader.h', 438, 420 ]
113 silly gunzTarPerm extractEntry test/reader.js
114 silly gunzTarPerm modified mode [ 'test/reader.js', 438, 420 ]
115 silly lockFile c8479e33-orum-engine-node-modules-hiredis tar://D:\workspace\GitHub\forum\engine\node_modules\hiredis
116 silly lockFile c8479e33-orum-engine-node-modules-hiredis tar://D:\workspace\GitHub\forum\engine\node_modules\hiredis
117 silly lockFile a72c93a5-cache-hiredis-0-1-16-package-tgz tar://C:\Users\chylvina\AppData\Roaming\npm-cache\hiredis\0.1.16\package.tgz
118 silly lockFile a72c93a5-cache-hiredis-0-1-16-package-tgz tar://C:\Users\chylvina\AppData\Roaming\npm-cache\hiredis\0.1.16\package.tgz
119 info preinstall hiredis@0.1.16
120 verbose readDependencies using package.json deps
121 verbose readDependencies using package.json deps
122 verbose cache add [ 'bindings@*', null ]
123 verbose cache add name=undefined spec="bindings@*" args=["bindings@*",null]
124 verbose parsed url { protocol: null,
124 verbose parsed url   slashes: null,
124 verbose parsed url   auth: null,
124 verbose parsed url   host: null,
124 verbose parsed url   port: null,
124 verbose parsed url   hostname: null,
124 verbose parsed url   hash: null,
124 verbose parsed url   search: null,
124 verbose parsed url   query: null,
124 verbose parsed url   pathname: 'bindings@*',
124 verbose parsed url   path: 'bindings@*',
124 verbose parsed url   href: 'bindings@*' }
125 verbose cache add name="bindings" spec="*" args=["bindings","*"]
126 verbose parsed url { protocol: null,
126 verbose parsed url   slashes: null,
126 verbose parsed url   auth: null,
126 verbose parsed url   host: null,
126 verbose parsed url   port: null,
126 verbose parsed url   hostname: null,
126 verbose parsed url   hash: null,
126 verbose parsed url   search: null,
126 verbose parsed url   query: null,
126 verbose parsed url   pathname: '*',
126 verbose parsed url   path: '*',
126 verbose parsed url   href: '*' }
127 verbose addNamed [ 'bindings', '*' ]
128 verbose addNamed [ null, '*' ]
129 silly lockFile a3858fc2-bindings bindings@*
130 verbose lock bindings@* C:\Users\chylvina\AppData\Roaming\npm-cache\a3858fc2-bindings.lock
131 silly addNameRange { name: 'bindings', range: '*', hasData: false }
132 verbose url raw bindings
133 verbose url resolving [ 'https://registry.npmjs.org/', './bindings' ]
134 verbose url resolved https://registry.npmjs.org/bindings
135 info trying registry request attempt 1 at 23:14:39
136 verbose etag "A7JORR5MXFFNSKTMB0U1SPABQ"
137 http GET https://registry.npmjs.org/bindings
138 http 304 https://registry.npmjs.org/bindings
139 silly registry.get cb [ 304,
139 silly registry.get   { server: 'CouchDB/1.5.0 (Erlang OTP/R15B03)',
139 silly registry.get     etag: '"A7JORR5MXFFNSKTMB0U1SPABQ"',
139 silly registry.get     date: 'Fri, 20 Dec 2013 15:14:38 GMT',
139 silly registry.get     'content-length': '0' } ]
140 verbose etag bindings from cache
141 silly addNameRange number 2 { name: 'bindings', range: '*', hasData: true }
142 silly addNameRange versions [ 'bindings',
142 silly addNameRange   [ '0.0.1',
142 silly addNameRange     '0.1.0',
142 silly addNameRange     '0.1.1',
142 silly addNameRange     '0.2.0',
142 silly addNameRange     '0.2.1',
142 silly addNameRange     '0.2.2',
142 silly addNameRange     '0.2.3',
142 silly addNameRange     '0.2.4',
142 silly addNameRange     '0.3.0',
142 silly addNameRange     '0.4.0',
142 silly addNameRange     '1.0.0',
142 silly addNameRange     '1.1.0',
142 silly addNameRange     '1.1.1' ] ]
143 verbose addNamed [ 'bindings', '1.1.1' ]
144 verbose addNamed [ '1.1.1', '1.1.1' ]
145 silly lockFile 52dd60a7-bindings-1-1-1 bindings@1.1.1
146 verbose lock bindings@1.1.1 C:\Users\chylvina\AppData\Roaming\npm-cache\52dd60a7-bindings-1-1-1.lock
147 silly lockFile 52dd60a7-bindings-1-1-1 bindings@1.1.1
148 silly lockFile 52dd60a7-bindings-1-1-1 bindings@1.1.1
149 silly lockFile a3858fc2-bindings bindings@*
150 silly lockFile a3858fc2-bindings bindings@*
151 silly resolved [ { name: 'bindings',
151 silly resolved     description: 'Helper module for loading your native module\'s .node file',
151 silly resolved     keywords: [ 'native', 'addon', 'bindings', 'gyp', 'waf', 'c', 'c++' ],
151 silly resolved     version: '1.1.1',
151 silly resolved     author:
151 silly resolved      { name: 'Nathan Rajlich',
151 silly resolved        email: 'nathan@tootallnate.net',
151 silly resolved        url: 'http://tootallnate.net' },
151 silly resolved     repository:
151 silly resolved      { type: 'git',
151 silly resolved        url: 'git://github.com/TooTallNate/node-bindings.git' },
151 silly resolved     main: './bindings.js',
151 silly resolved     readme: 'node-bindings\n=============\n### Helper module for loading your native module\'s .node file\n\nThis is a helper module for authors of Node.js native addon modules.\nIt is basically the "swiss army knife" of `require()`ing your native module\'s\n`.node` file.\n\nThroughout the course of Node\'s native addon history, addons have ended up being\ncompiled in a variety of different places, depending on which build tool and which\nversion of node was used. To make matters worse, now the _gyp_ build tool can\nproduce either a _Release_ or _Debug_ build, each being built into different\nlocations.\n\nThis module checks _all_ the possible locations that a native addon would be built\nat, and returns the first one that loads successfully.\n\n\nInstallation\n------------\n\nInstall with `npm`:\n\n``` bash\n$ npm install bindings\n```\n\nOr add it to the `"dependencies"` section of your _package.json_ file.\n\n\nExample\n-------\n\n`require()`ing the proper bindings file for the current node version, platform\nand architecture is as simple as:\n\n``` js\nvar bindings = require(\'bindings\')(\'binding.node\')\n\n// Use your bindings defined in your C files\nbindings.your_c_function()\n```\n\n\nNice Error Output\n-----------------\n\nWhen the `.node` file could not be loaded, `node-bindings` throws an Error with\na nice error message telling you exactly what was tried. You can also check the\n`err.tries` Array property.\n\n```\nError: Could not load the bindings file. Tried:\n → /Users/nrajlich/ref/build/binding.node\n → /Users/nrajlich/ref/build/Debug/binding.node\n → /Users/nrajlich/ref/build/Release/binding.node\n → /Users/nrajlich/ref/out/Debug/binding.node\n → /Users/nrajlich/ref/Debug/binding.node\n → /Users/nrajlich/ref/out/Release/binding.node\n → /Users/nrajlich/ref/Release/binding.node\n → /Users/nrajlich/ref/build/default/binding.node\n → /Users/nrajlich/ref/compiled/0.8.2/darwin/x64/binding.node\n    at bindings (/Users/nrajlich/ref/node_modules/bindings/bindings.js:84:13)\n    at Object.<anonymous> (/Users/nrajlich/ref/lib/ref.js:5:47)\n    at Module._compile (module.js:449:26)\n    at Object.Module._extensions..js (module.js:467:10)\n    at Module.load (module.js:356:32)\n    at Function.Module._load (module.js:312:12)\n    ...\n```\n\n\nLicense\n-------\n\n(The MIT License)\n\nCopyright (c) 2012 Nathan Rajlich &lt;nathan@tootallnate.net&gt;\n\nPermission is hereby granted, free of charge, to any person obtaining\na copy of this software and associated documentation files (the\n\'Software\'), to deal in the Software without restriction, including\nwithout limitation the rights to use, copy, modify, merge, publish,\ndistribute, sublicense, and/or sell copies of the Software, and to\npermit persons to whom the Software is furnished to do so, subject to\nthe following conditions:\n\nThe above copyright notice and this permission notice shall be\nincluded in all copies or substantial portions of the Software.\n\nTHE SOFTWARE IS PROVIDED \'AS IS\', WITHOUT WARRANTY OF ANY KIND,\nEXPRESS OR IMPLIED, INCLUDING BUT NOT LIMITED TO THE WARRANTIES OF\nMERCHANTABILITY, FITNESS FOR A PARTICULAR PURPOSE AND NONINFRINGEMENT.\nIN NO EVENT SHALL THE AUTHORS OR COPYRIGHT HOLDERS BE LIABLE FOR ANY\nCLAIM, DAMAGES OR OTHER LIABILITY, WHETHER IN AN ACTION OF CONTRACT,\nTORT OR OTHERWISE, ARISING FROM, OUT OF OR IN CONNECTION WITH THE\nSOFTWARE OR THE USE OR OTHER DEALINGS IN THE SOFTWARE.\n',
151 silly resolved     readmeFilename: 'README.md',
151 silly resolved     bugs: { url: 'https://github.com/TooTallNate/node-bindings/issues' },
151 silly resolved     homepage: 'https://github.com/TooTallNate/node-bindings',
151 silly resolved     _id: 'bindings@1.1.1',
151 silly resolved     _from: 'bindings@*' } ]
152 info install bindings@1.1.1 into D:\workspace\GitHub\forum\engine\node_modules\hiredis
153 info installOne bindings@1.1.1
154 info D:\workspace\GitHub\forum\engine\node_modules\hiredis\node_modules\bindings unbuild
155 verbose tar unpack C:\Users\chylvina\AppData\Roaming\npm-cache\bindings\1.1.1\package.tgz
156 silly lockFile b9072de1-es-hiredis-node-modules-bindings tar://D:\workspace\GitHub\forum\engine\node_modules\hiredis\node_modules\bindings
157 verbose lock tar://D:\workspace\GitHub\forum\engine\node_modules\hiredis\node_modules\bindings C:\Users\chylvina\AppData\Roaming\npm-cache\b9072de1-es-hiredis-node-modules-bindings.lock
158 silly lockFile d6e6b2c0-cache-bindings-1-1-1-package-tgz tar://C:\Users\chylvina\AppData\Roaming\npm-cache\bindings\1.1.1\package.tgz
159 verbose lock tar://C:\Users\chylvina\AppData\Roaming\npm-cache\bindings\1.1.1\package.tgz C:\Users\chylvina\AppData\Roaming\npm-cache\d6e6b2c0-cache-bindings-1-1-1-package-tgz.lock
160 silly gunzTarPerm modes [ '755', '644' ]
161 silly gunzTarPerm extractEntry package.json
162 silly gunzTarPerm modified mode [ 'package.json', 438, 420 ]
163 silly gunzTarPerm extractEntry README.md
164 silly gunzTarPerm modified mode [ 'README.md', 438, 420 ]
165 silly gunzTarPerm extractEntry bindings.js
166 silly gunzTarPerm modified mode [ 'bindings.js', 438, 420 ]
167 silly lockFile b9072de1-es-hiredis-node-modules-bindings tar://D:\workspace\GitHub\forum\engine\node_modules\hiredis\node_modules\bindings
168 silly lockFile b9072de1-es-hiredis-node-modules-bindings tar://D:\workspace\GitHub\forum\engine\node_modules\hiredis\node_modules\bindings
169 silly lockFile d6e6b2c0-cache-bindings-1-1-1-package-tgz tar://C:\Users\chylvina\AppData\Roaming\npm-cache\bindings\1.1.1\package.tgz
170 silly lockFile d6e6b2c0-cache-bindings-1-1-1-package-tgz tar://C:\Users\chylvina\AppData\Roaming\npm-cache\bindings\1.1.1\package.tgz
171 info preinstall bindings@1.1.1
172 verbose readDependencies using package.json deps
173 verbose readDependencies using package.json deps
174 silly resolved []
175 verbose about to build D:\workspace\GitHub\forum\engine\node_modules\hiredis\node_modules\bindings
176 info build D:\workspace\GitHub\forum\engine\node_modules\hiredis\node_modules\bindings
177 verbose linkStuff [ false,
177 verbose linkStuff   false,
177 verbose linkStuff   false,
177 verbose linkStuff   'D:\\workspace\\GitHub\\forum\\engine\\node_modules\\hiredis\\node_modules' ]
178 info linkStuff bindings@1.1.1
179 verbose linkBins bindings@1.1.1
180 verbose linkMans bindings@1.1.1
181 verbose rebuildBundles bindings@1.1.1
182 info install bindings@1.1.1
183 info postinstall bindings@1.1.1
184 verbose about to build D:\workspace\GitHub\forum\engine\node_modules\hiredis
185 info build D:\workspace\GitHub\forum\engine\node_modules\hiredis
186 verbose linkStuff [ false,
186 verbose linkStuff   false,
186 verbose linkStuff   false,
186 verbose linkStuff   'D:\\workspace\\GitHub\\forum\\engine\\node_modules' ]
187 info linkStuff hiredis@0.1.16
188 verbose linkBins hiredis@0.1.16
189 verbose linkMans hiredis@0.1.16
190 verbose rebuildBundles hiredis@0.1.16
191 verbose rebuildBundles [ 'bindings' ]
192 info install hiredis@0.1.16
193 verbose unsafe-perm in lifecycle true
194 info hiredis@0.1.16 Failed to exec install script
195 info D:\workspace\GitHub\forum\engine\node_modules\hiredis unbuild
196 info preuninstall hiredis@0.1.16
197 info uninstall hiredis@0.1.16
198 verbose true,D:\workspace\GitHub\forum\engine\node_modules,D:\workspace\GitHub\forum\engine\node_modules unbuild hiredis@0.1.16
199 info postuninstall hiredis@0.1.16
200 error hiredis@0.1.16 install: `node-gyp rebuild`
200 error Exit status 1
201 error Failed at the hiredis@0.1.16 install script.
201 error This is most likely a problem with the hiredis package,
201 error not with npm itself.
201 error Tell the author that this fails on your system:
201 error     node-gyp rebuild
201 error You can get their info via:
201 error     npm owner ls hiredis
201 error There is likely additional logging output above.
202 error System Windows_NT 6.1.7601
203 error command "C:\\Program Files\\nodejs\\\\node.exe" "C:\\Program Files\\nodejs\\node_modules\\npm\\bin\\npm-cli.js" "install" "hiredis" "--save"
204 error cwd D:\workspace\GitHub\forum\engine
205 error node -v v0.10.24
206 error npm -v 1.3.21
207 error code ELIFECYCLE
208 verbose exit [ 1, true ]
